Traceback (most recent call last):
  File "<frozen runpy>", line 198, in _run_module_as_main
  File "<frozen runpy>", line 88, in _run_code
  File "/brain/base/runtime/engine/src/timer/service_timer.py", line 24, in <module>
    from gateway.daemon_client import DaemonClient
  File "/brain/base/runtime/engine/src/gateway/__init__.py", line 4, in <module>
    from .webhook_gateway import app
  File "/brain/base/runtime/engine/src/gateway/webhook_gateway.py", line 19, in <module>
    from fastapi import FastAPI, HTTPException, Request
ModuleNotFoundError: No module named 'fastapi'
2026-02-06 13:10:31,103 [INFO] service_timer: Health server started on port 8090
2026-02-06 13:10:31,105 [INFO] service_timer: Loaded 2 jobs
2026-02-06 13:11:27,612 [INFO] service_timer: Health server started on port 8090
2026-02-06 13:11:27,614 [INFO] service_timer: Loaded 2 jobs
/brain/base/runtime/engine/runtime/venv_service_timer/bin/python: Error while finding module specification for 'timer.service_timer' (ModuleNotFoundError: No module named 'timer')
2026-02-07 17:41:07,663 [INFO] ipc_reliability: IPC state store initialized: /brain/base/runtime/data/ipc_state.db
2026-02-07 17:41:07,665 [INFO] service_timer: Health server started on port 8090
2026-02-07 17:41:07,667 [INFO] service_timer: Loaded 1 jobs
2026-02-07 17:41:37,794 [INFO] service_timer: Job agent_heartbeat_sweep fired -> service-agent-orchestrator
2026-02-07 17:42:07,922 [INFO] service_timer: Job agent_heartbeat_sweep fired -> service-agent-orchestrator
